{"/home/azureuser/practica_auto/frontend-practica/utils.js": {"path":"/home/azureuser/practica_auto/frontend-practica/utils.js","statementMap":{"0":{"start":{"line":2,"column":2},"end":{"line":2,"column":36}},"1":{"start":{"line":2,"column":19},"end":{"line":2,"column":36}},"2":{"start":{"line":3,"column":2},"end":{"line":3,"column":36}},"3":{"start":{"line":3,"column":19},"end":{"line":3,"column":36}},"4":{"start":{"line":4,"column":2},"end":{"line":4,"column":17}},"5":{"start":{"line":8,"column":16},"end":{"line":8,"column":59}},"6":{"start":{"line":9,"column":18},"end":{"line":9,"column":63}},"7":{"start":{"line":10,"column":2},"end":{"line":10,"column":31}}},"fnMap":{"0":{"name":"calculateStatus","decl":{"start":{"line":1,"column":16},"end":{"line":1,"column":31}},"loc":{"start":{"line":1,"column":39},"end":{"line":5,"column":1}},"line":1},"1":{"name":"formatTime","decl":{"start":{"line":7,"column":16},"end":{"line":7,"column":26}},"loc":{"start":{"line":7,"column":33},"end":{"line":11,"column":1}},"line":7}},"branchMap":{"0":{"loc":{"start":{"line":2,"column":2},"end":{"line":2,"column":36}},"type":"if","locations":[{"start":{"line":2,"column":2},"end":{"line":2,"column":36}},{"start":{},"end":{}}],"line":2},"1":{"loc":{"start":{"line":3,"column":2},"end":{"line":3,"column":36}},"type":"if","locations":[{"start":{"line":3,"column":2},"end":{"line":3,"column":36}},{"start":{},"end":{}}],"line":3}},"s":{"0":5,"1":2,"2":3,"3":2,"4":1,"5":1,"6":1,"7":1},"f":{"0":5,"1":1},"b":{"0":[2,3],"1":[2,1]},"_coverageSchema":"1a1c01bbd47fc00a2c39e90264f33305004495a9","hash":"3724316e9b38deda9de911be52aa01753dd99532"}
}
